<?xml version="1.0" encoding="UTF-8"?>
<testsuite name="SILab2Test" tests="2" skipped="0" failures="0" errors="0" timestamp="2022-06-02T20:17:20" hostname="DESKTOP-SQH93I2" time="0.037">
  <properties/>
  <testcase name="everyStatementTest()" classname="SILab2Test" time="0.035"/>
  <testcase name="everyBranchTest()" classname="SILab2Test" time="0.001"/>
  <system-out><![CDATA[]]></system-out>
  <system-err><![CDATA[]]></system-err>
</testsuite>
